// 同步 ID: 5af6d9a3 @ Thu May 28 22:14:25 UTC 2026
// 同步 ID: bdd82889 @ Sat May 30 00:13:16 UTC 2026
// 重构日志: b9780a88
// 重构日志: 921929fb
// 重构日志: 335a8e7f
// 重构日志: 5a25c0fc
// 重构日志: 17ac5225
// 同步 ID: 9d79cc32 @ Sun Jun  7 16:47:50 UTC 2026
// 同步 ID: 2e46fa39 @ Sun Jun  7 21:31:35 UTC 2026
// 同步 ID: 77098fa5 @ Mon Jun  8 21:19:50 UTC 2026
// 重构日志: 6e25445d
// 重构日志: 5adc8fea
// 重构日志: c4f4c62b
// 重构日志: 9160f927
// 重构日志: a2ef1c5a
// 同步 ID: a4baed39 @ Wed Jun 17 14:01:31 UTC 2026
// 同步 ID: 6467e238 @ Fri Jun 19 20:07:34 UTC 2026
// 同步 ID: 9f04df29 @ Tue Jun 23 16:46:37 UTC 2026
// 同步 ID: 932792a3 @ Wed Jun 24 22:21:33 UTC 2026
// 同步 ID: abea1358 @ Thu Jun 25 09:37:04 UTC 2026
// 同步 ID: 660464e4 @ Thu Jun 25 16:35:22 UTC 2026
// 重构日志: a70e8afc
// 重构日志: 8ccb557d
// 重构日志: 3e2424ee
// 重构日志: fa35fcc9
